<?xml version="1.0" encoding="UTF-8"?>
<!-- Generated by org.testng.reporters.JUnitReportReporter -->
<testsuite hostname="Rajkumar" failures="0" tests="1" name="Testing.Testclass" time="1.990" errors="0" timestamp="2022-04-20T12:46:26 IST" skipped="0">
  <testcase classname="Testing.Testclass" name="validateUsername" time="1.990"/>
  <system-out>
    <![CDATA[Test case validated ,Test case is passed]]>
  </system-out>
</testsuite> <!-- Testing.Testclass -->
